<?xml version="1.0" encoding="UTF-8"?>
<testng-results skipped="0" failed="0" ignored="0" total="1" passed="1">
  <reporter-output>
  </reporter-output>
  <suite name="Default suite" duration-ms="6186" started-at="2021-06-15T20:35:57 IST" finished-at="2021-06-15T20:36:03 IST">
    <groups>
    </groups>
    <test name="Default test" duration-ms="6186" started-at="2021-06-15T20:35:57 IST" finished-at="2021-06-15T20:36:03 IST">
      <class name="com.test.DemoTest">
        <test-method status="PASS" signature="Setup()[pri:0, instance:com.test.DemoTest@53f65459]" name="Setup" is-config="true" duration-ms="6107" started-at="2021-06-15T20:35:57 IST" finished-at="2021-06-15T20:36:03 IST">
          <reporter-output>
          </reporter-output>
        </test-method> <!-- Setup -->
        <test-method status="PASS" signature="verifyTitle()[pri:1, instance:com.test.DemoTest@53f65459]" name="verifyTitle" duration-ms="30" started-at="2021-06-15T20:36:03 IST" finished-at="2021-06-15T20:36:03 IST">
          <reporter-output>
          </reporter-output>
        </test-method> <!-- verifyTitle -->
      </class> <!-- com.test.DemoTest -->
    </test> <!-- Default test -->
  </suite> <!-- Default suite -->
</testng-results>
